<?xml version="1.0" encoding="UTF-8"?>
<testsuite xmlns:xsi="http://www.w3.org/2001/XMLSchema-instance" xsi:noNamespaceSchemaLocation="https://maven.apache.org/surefire/maven-surefire-plugin/xsd/surefire-test-report.xsd" name="com.loxon.javachallenge.memory.MemoryRules" time="0.047" tests="13" errors="0" skipped="0" failures="13">
  <properties>
    <property name="sun.desktop" value="windows"/>
    <property name="awt.toolkit" value="sun.awt.windows.WToolkit"/>
    <property name="file.encoding.pkg" value="sun.io"/>
    <property name="java.specification.version" value="1.8"/>
    <property name="sun.cpu.isalist" value="amd64"/>
    <property name="sun.jnu.encoding" value="Cp1250"/>
    <property name="java.class.path" value="P:\JavaChallange\modules2019\junit_test\target\test-classes;P:\JavaChallange\modules2019\junit_test\target\classes;s:\maven_repository\junit\junit\4.12\junit-4.12.jar;s:\maven_repository\org\hamcrest\hamcrest-core\1.3\hamcrest-core-1.3.jar;"/>
    <property name="java.vm.vendor" value="Oracle Corporation"/>
    <property name="sun.arch.data.model" value="64"/>
    <property name="user.variant" value=""/>
    <property name="java.vendor.url" value="http://java.oracle.com/"/>
    <property name="user.timezone" value="Europe/Prague"/>
    <property name="java.vm.specification.version" value="1.8"/>
    <property name="os.name" value="Windows 7"/>
    <property name="user.country" value="HU"/>
    <property name="sun.java.launcher" value="SUN_STANDARD"/>
    <property name="sun.boot.library.path" value="B:\jdk8\jre\bin"/>
    <property name="sun.java.command" value="C:\Users\GABOR~1.LEG\AppData\Local\Temp\surefire3982458630524017038\surefirebooter6418910528814392088.jar C:\Users\gabor.legrady\AppData\Local\Temp\surefire3982458630524017038 2019-10-15T09-20-25_918-jvmRun1 surefire7167292303209064852tmp surefire_07732100018723921200tmp"/>
    <property name="surefire.test.class.path" value="P:\JavaChallange\modules2019\junit_test\target\test-classes;P:\JavaChallange\modules2019\junit_test\target\classes;s:\maven_repository\junit\junit\4.12\junit-4.12.jar;s:\maven_repository\org\hamcrest\hamcrest-core\1.3\hamcrest-core-1.3.jar;"/>
    <property name="sun.cpu.endian" value="little"/>
    <property name="user.home" value="C:\Users\gabor.legrady"/>
    <property name="user.language" value="hu"/>
    <property name="java.specification.vendor" value="Oracle Corporation"/>
    <property name="java.home" value="B:\jdk8\jre"/>
    <property name="basedir" value="P:\JavaChallange\modules2019\junit_test"/>
    <property name="file.separator" value="\"/>
    <property name="line.separator" value="&#10;"/>
    <property name="java.vm.specification.vendor" value="Oracle Corporation"/>
    <property name="java.specification.name" value="Java Platform API Specification"/>
    <property name="java.awt.graphicsenv" value="sun.awt.Win32GraphicsEnvironment"/>
    <property name="surefire.real.class.path" value="C:\Users\GABOR~1.LEG\AppData\Local\Temp\surefire3982458630524017038\surefirebooter6418910528814392088.jar"/>
    <property name="sun.boot.class.path" value="B:\jdk8\jre\lib\resources.jar;B:\jdk8\jre\lib\rt.jar;B:\jdk8\jre\lib\sunrsasign.jar;B:\jdk8\jre\lib\jsse.jar;B:\jdk8\jre\lib\jce.jar;B:\jdk8\jre\lib\charsets.jar;B:\jdk8\jre\lib\jfr.jar;B:\jdk8\jre\classes"/>
    <property name="user.script" value=""/>
    <property name="sun.management.compiler" value="HotSpot 64-Bit Tiered Compilers"/>
    <property name="java.runtime.version" value="1.8.0_172-b11"/>
    <property name="user.name" value="gabor.legrady"/>
    <property name="path.separator" value=";"/>
    <property name="os.version" value="6.1"/>
    <property name="java.endorsed.dirs" value="B:\jdk8\jre\lib\endorsed"/>
    <property name="java.runtime.name" value="Java(TM) SE Runtime Environment"/>
    <property name="file.encoding" value="Cp1250"/>
    <property name="java.vm.name" value="Java HotSpot(TM) 64-Bit Server VM"/>
    <property name="localRepository" value="s:\maven_repository"/>
    <property name="java.vendor.url.bug" value="http://bugreport.sun.com/bugreport/"/>
    <property name="java.io.tmpdir" value="C:\Users\GABOR~1.LEG\AppData\Local\Temp\"/>
    <property name="java.version" value="1.8.0_172"/>
    <property name="user.dir" value="P:\JavaChallange\modules2019\junit_test"/>
    <property name="os.arch" value="amd64"/>
    <property name="java.vm.specification.name" value="Java Virtual Machine Specification"/>
    <property name="java.awt.printerjob" value="sun.awt.windows.WPrinterJob"/>
    <property name="sun.os.patch.level" value="Service Pack 1"/>
    <property name="java.library.path" value="B:\jdk8\jre\bin;C:\Windows\Sun\Java\bin;C:\Windows\system32;C:\Windows;C:\Program Files\ConEmu\ConEmu\Scripts;C:\Program Files\ConEmu;C:\Program Files\ConEmu\ConEmu;C:\Program Files (x86)\Common Files\Oracle\Java\javapath;C:\ProgramData\Oracle\Java\javapath;c:\app\gabor.legrady\product\12.2.0\client_1;C:\Software\maven\bin;C:\app\product\11.2.0\client_1;C:\Software\UnixUtils\usr\local\wbin;C:\Program Files (x86)\Intel\iCLS Client\;C:\Program Files\Intel\iCLS Client\;C:\Windows\system32;C:\Windows;C:\Windows\System32\Wbem;C:\Windows\System32\WindowsPowerShell\v1.0\;C:\Program Files (x86)\Intel\Intel(R) Management Engine Components\DAL;C:\Program Files\Intel\Intel(R) Management Engine Components\DAL;C:\Program Files (x86)\Intel\Intel(R) Management Engine Components\IPT;C:\Program Files\Intel\Intel(R) Management Engine Components\IPT;C:\Program Files (x86)\AMD\ATI.ACE\Core-Static;C:\Program Files (x86)\Skype\Phone\;C:\Program Files\OpenVPN\bin;C:\Program Files\TortoiseSVN\bin;C:\Program Files (x86)\Panda Security\WaAgent\Common;C:\Program Files\Microsoft SQL Server\Client SDK\ODBC\130\Tools\Binn\;C:\Program Files\Prio;C:\Program Files\WIDCOMM\Bluetooth Software\;C:\Program Files\WIDCOMM\Bluetooth Software\syswow64;C:\Program Files\TortoiseGit\bin;C:\Program Files\Git\cmd;C:\Program Files (x86)\Bitvise SSH Client;S:\nodejs\;C:\Users\gabor.legrady\AppData\Local\Programs\Fiddler;C:\ProgramData\gabor.legrady\atom\bin;C:\Users\gabor.legrady\AppData\Local\GitHubDesktop\bin;c:\Python27\;c:\Python27\Scripts\;C:\Program Files\Docker Toolbox;C:\Users\gabor.legrady\AppData\Roaming\npm;."/>
    <property name="java.vm.info" value="mixed mode"/>
    <property name="java.vendor" value="Oracle Corporation"/>
    <property name="java.vm.version" value="25.172-b11"/>
    <property name="java.ext.dirs" value="B:\jdk8\jre\lib\ext;C:\Windows\Sun\Java\lib\ext"/>
    <property name="sun.io.unicode.encoding" value="UnicodeLittle"/>
    <property name="java.class.version" value="52.0"/>
  </properties>
  <testcase name="testAllocate" classname="com.loxon.javachallenge.memory.MemoryRules" time="0.009">
    <failure message="Game implementation is required." type="java.lang.AssertionError">java.lang.AssertionError: Game implementation is required.
	at com.loxon.javachallenge.memory.MemoryRules.beforeEachTest(MemoryRules.java:103)
</failure>
  </testcase>
  <testcase name="testFree" classname="com.loxon.javachallenge.memory.MemoryRules" time="0">
    <failure message="Game implementation is required." type="java.lang.AssertionError">java.lang.AssertionError: Game implementation is required.
	at com.loxon.javachallenge.memory.MemoryRules.beforeEachTest(MemoryRules.java:103)
</failure>
  </testcase>
  <testcase name="testHack" classname="com.loxon.javachallenge.memory.MemoryRules" time="0.001">
    <failure message="Game implementation is required." type="java.lang.AssertionError">java.lang.AssertionError: Game implementation is required.
	at com.loxon.javachallenge.memory.MemoryRules.beforeEachTest(MemoryRules.java:103)
</failure>
  </testcase>
  <testcase name="testScan" classname="com.loxon.javachallenge.memory.MemoryRules" time="0">
    <failure message="Game implementation is required." type="java.lang.AssertionError">java.lang.AssertionError: Game implementation is required.
	at com.loxon.javachallenge.memory.MemoryRules.beforeEachTest(MemoryRules.java:103)
</failure>
  </testcase>
  <testcase name="testSwap" classname="com.loxon.javachallenge.memory.MemoryRules" time="0.001">
    <failure message="Game implementation is required." type="java.lang.AssertionError">java.lang.AssertionError: Game implementation is required.
	at com.loxon.javachallenge.memory.MemoryRules.beforeEachTest(MemoryRules.java:103)
</failure>
  </testcase>
  <testcase name="testFortify" classname="com.loxon.javachallenge.memory.MemoryRules" time="0">
    <failure message="Game implementation is required." type="java.lang.AssertionError">java.lang.AssertionError: Game implementation is required.
	at com.loxon.javachallenge.memory.MemoryRules.beforeEachTest(MemoryRules.java:103)
</failure>
  </testcase>
  <testcase name="testSwapInvalid" classname="com.loxon.javachallenge.memory.MemoryRules" time="0">
    <failure message="Game implementation is required." type="java.lang.AssertionError">java.lang.AssertionError: Game implementation is required.
	at com.loxon.javachallenge.memory.MemoryRules.beforeEachTest(MemoryRules.java:103)
</failure>
  </testcase>
  <testcase name="testScanInvalid" classname="com.loxon.javachallenge.memory.MemoryRules" time="0.001">
    <failure message="Game implementation is required." type="java.lang.AssertionError">java.lang.AssertionError: Game implementation is required.
	at com.loxon.javachallenge.memory.MemoryRules.beforeEachTest(MemoryRules.java:103)
</failure>
  </testcase>
  <testcase name="testStatsAndScores" classname="com.loxon.javachallenge.memory.MemoryRules" time="0">
    <failure message="Game implementation is required." type="java.lang.AssertionError">java.lang.AssertionError: Game implementation is required.
	at com.loxon.javachallenge.memory.MemoryRules.beforeEachTest(MemoryRules.java:103)
</failure>
  </testcase>
  <testcase name="testRecover" classname="com.loxon.javachallenge.memory.MemoryRules" time="0">
    <failure message="Game implementation is required." type="java.lang.AssertionError">java.lang.AssertionError: Game implementation is required.
	at com.loxon.javachallenge.memory.MemoryRules.beforeEachTest(MemoryRules.java:103)
</failure>
  </testcase>
  <testcase name="testAllocateCorrupt" classname="com.loxon.javachallenge.memory.MemoryRules" time="0">
    <failure message="Game implementation is required." type="java.lang.AssertionError">java.lang.AssertionError: Game implementation is required.
	at com.loxon.javachallenge.memory.MemoryRules.beforeEachTest(MemoryRules.java:103)
</failure>
  </testcase>
  <testcase name="testFreeInvalid" classname="com.loxon.javachallenge.memory.MemoryRules" time="0">
    <failure message="Game implementation is required." type="java.lang.AssertionError">java.lang.AssertionError: Game implementation is required.
	at com.loxon.javachallenge.memory.MemoryRules.beforeEachTest(MemoryRules.java:103)
</failure>
  </testcase>
  <testcase name="testAllocateInvalid" classname="com.loxon.javachallenge.memory.MemoryRules" time="0">
    <failure message="Game implementation is required." type="java.lang.AssertionError">java.lang.AssertionError: Game implementation is required.
	at com.loxon.javachallenge.memory.MemoryRules.beforeEachTest(MemoryRules.java:103)
</failure>
  </testcase>
</testsuite>